# JRE version: Java(TM) SE Runtime Environment (8.0_45-b14) (build 1.8.0_45-b14)
# Java VM: Java HotSpot(TM) 64-Bit Server VM (25.45-b02 mixed mode bsd-amd64 compressed oops)
Heap:
 PSYoungGen      total 483840K, used 483824K [0x000000015b800000, 0x000000017b800000, 0x000000017b800000)
  eden space 444928K, 100% used [0x000000015b800000,0x0000000176a80000,0x0000000176a80000)
  from space 38912K, 99% used [0x0000000176a80000,0x000000017907c030,0x0000000179080000)
  to   space 40448K, 99% used [0x0000000179080000,0x000000017b7fca18,0x000000017b800000)
 ParOldGen       total 146432K, used 99074K [0x000000011b800000, 0x0000000124700000, 0x000000015b800000)
  object space 146432K, 67% used [0x000000011b800000,0x00000001218c0b60,0x0000000124700000)
 Metaspace       used 72638K, capacity 76204K, committed 76416K, reserved 1116160K
  class space    used 9179K, capacity 9822K, committed 9856K, reserved 1048576K
GC Heap History (10 events):
Event: 1332.513 GC heap after
Heap after GC invocations=42 (full 9):
 PSYoungGen      total 487936K, used 9920K [0x000000015b800000, 0x000000017b800000, 0x000000017b800000)
  eden space 451584K, 0% used [0x000000015b800000,0x000000015b800000,0x0000000177100000)
  from space 36352K, 27% used [0x0000000177100000,0x0000000177ab0000,0x0000000179480000)
  to   space 34816K, 0% used [0x0000000179600000,0x0000000179600000,0x000000017b800000)
 ParOldGen       total 146432K, used 67550K [0x000000011b800000, 0x0000000124700000, 0x000000015b800000)
  object space 146432K, 46% used [0x000000011b800000,0x000000011f9f7878,0x0000000124700000)
 Metaspace       used 71077K, capacity 74374K, committed 74752K, reserved 1114112K
  class space    used 8991K, capacity 9609K, committed 9728K, reserved 1048576K
}
Event: 1354.549 GC heap before
{Heap before GC invocations=43 (full 9):
 PSYoungGen      total 487936K, used 461504K [0x000000015b800000, 0x000000017b800000, 0x000000017b800000)
  eden space 451584K, 100% used [0x000000015b800000,0x0000000177100000,0x0000000177100000)
  from space 36352K, 27% used [0x0000000177100000,0x0000000177ab0000,0x0000000179480000)
  to   space 34816K, 0% used [0x0000000179600000,0x0000000179600000,0x000000017b800000)
 ParOldGen       total 146432K, used 67550K [0x000000011b800000, 0x0000000124700000, 0x000000015b800000)
  object space 146432K, 46% used [0x000000011b800000,0x000000011f9f7878,0x0000000124700000)
 Metaspace       used 71306K, capacity 74738K, committed 75008K, reserved 1114112K
  class space    used 9008K, capacity 9631K, committed 9728K, reserved 1048576K
Event: 1354.580 GC heap after
Heap after GC invocations=43 (full 9):
 PSYoungGen      total 480256K, used 31491K [0x000000015b800000, 0x000000017b800000, 0x000000017b800000)
  eden space 445440K, 0% used [0x000000015b800000,0x000000015b800000,0x0000000176b00000)
  from space 34816K, 90% used [0x0000000179600000,0x000000017b4c0e28,0x000000017b800000)
  to   space 39424K, 0% used [0x0000000176b00000,0x0000000176b00000,0x0000000179180000)
 ParOldGen       total 146432K, used 69038K [0x000000011b800000, 0x0000000124700000, 0x000000015b800000)
  object space 146432K, 47% used [0x000000011b800000,0x000000011fb6b9e8,0x0000000124700000)
 Metaspace       used 71306K, capacity 74738K, committed 75008K, reserved 1114112K
  class space    used 9008K, capacity 9631K, committed 9728K, reserved 1048576K
}
Event: 1357.807 GC heap before
{Heap before GC invocations=44 (full 9):
 PSYoungGen      total 480256K, used 476931K [0x000000015b800000, 0x000000017b800000, 0x000000017b800000)
  eden space 445440K, 100% used [0x000000015b800000,0x0000000176b00000,0x0000000176b00000)
  from space 34816K, 90% used [0x0000000179600000,0x000000017b4c0e28,0x000000017b800000)
  to   space 39424K, 0% used [0x0000000176b00000,0x0000000176b00000,0x0000000179180000)
 ParOldGen       total 146432K, used 69038K [0x000000011b800000, 0x0000000124700000, 0x000000015b800000)
  object space 146432K, 47% used [0x000000011b800000,0x000000011fb6b9e8,0x0000000124700000)
 Metaspace       used 71435K, capacity 74808K, committed 75008K, reserved 1114112K
  class space    used 9009K, capacity 9632K, committed 9728K, reserved 1048576K
Event: 1357.840 GC heap after
Heap after GC invocations=44 (full 9):
 PSYoungGen      total 470528K, used 24842K [0x000000015b800000, 0x000000017b800000, 0x000000017b800000)
  eden space 445440K, 0% used [0x000000015b800000,0x000000015b800000,0x0000000176b00000)
  from space 25088K, 99% used [0x0000000176b00000,0x00000001783429c0,0x0000000178380000)
  to   space 40448K, 0% used [0x0000000179080000,0x0000000179080000,0x000000017b800000)
 ParOldGen       total 146432K, used 69046K [0x000000011b800000, 0x0000000124700000, 0x000000015b800000)
  object space 146432K, 47% used [0x000000011b800000,0x000000011fb6d9e8,0x0000000124700000)
 Metaspace       used 71435K, capacity 74808K, committed 75008K, reserved 1114112K
  class space    used 9009K, capacity 9632K, committed 9728K, reserved 1048576K
}
Event: 1359.003 GC heap before
{Heap before GC invocations=45 (full 9):
 PSYoungGen      total 470528K, used 470282K [0x000000015b800000, 0x000000017b800000, 0x000000017b800000)
  eden space 445440K, 100% used [0x000000015b800000,0x0000000176b00000,0x0000000176b00000)
  from space 25088K, 99% used [0x0000000176b00000,0x00000001783429c0,0x0000000178380000)
  to   space 40448K, 0% used [0x0000000179080000,0x0000000179080000,0x000000017b800000)
 ParOldGen       total 146432K, used 69046K [0x000000011b800000, 0x0000000124700000, 0x000000015b800000)
  object space 146432K, 47% used [0x000000011b800000,0x000000011fb6d9e8,0x0000000124700000)
 Metaspace       used 72511K, capacity 76044K, committed 76160K, reserved 1116160K
  class space    used 9167K, capacity 9790K, committed 9856K, reserved 1048576K
Event: 1359.012 GC heap after
Heap after GC invocations=45 (full 9):
 PSYoungGen      total 485376K, used 11444K [0x000000015b800000, 0x000000017b800000, 0x000000017b800000)
  eden space 444928K, 0% used [0x000000015b800000,0x000000015b800000,0x0000000176a80000)
  from space 40448K, 28% used [0x0000000179080000,0x0000000179bad250,0x000000017b800000)
  to   space 38912K, 0% used [0x0000000176a80000,0x0000000176a80000,0x0000000179080000)
 ParOldGen       total 146432K, used 69054K [0x000000011b800000, 0x0000000124700000, 0x000000015b800000)
  object space 146432K, 47% used [0x000000011b800000,0x000000011fb6f9e8,0x0000000124700000)
 Metaspace       used 72511K, capacity 76044K, committed 76160K, reserved 1116160K
  class space    used 9167K, capacity 9790K, committed 9856K, reserved 1048576K
}
Event: 1360.027 GC heap before
{Heap before GC invocations=46 (full 9):
 PSYoungGen      total 485376K, used 456372K [0x000000015b800000, 0x000000017b800000, 0x000000017b800000)
  eden space 444928K, 100% used [0x000000015b800000,0x0000000176a80000,0x0000000176a80000)
  from space 40448K, 28% used [0x0000000179080000,0x0000000179bad250,0x000000017b800000)
  to   space 38912K, 0% used [0x0000000176a80000,0x0000000176a80000,0x0000000179080000)
 ParOldGen       total 146432K, used 69054K [0x000000011b800000, 0x0000000124700000, 0x000000015b800000)
  object space 146432K, 47% used [0x000000011b800000,0x000000011fb6f9e8,0x0000000124700000)
 Metaspace       used 72597K, capacity 76140K, committed 76416K, reserved 1116160K
  class space    used 9178K, capacity 9822K, committed 9856K, reserved 1048576K
Event: 1360.073 GC heap after
Heap after GC invocations=46 (full 9):
 PSYoungGen      total 483840K, used 38896K [0x000000015b800000, 0x000000017b800000, 0x000000017b800000)
  eden space 444928K, 0% used [0x000000015b800000,0x000000015b800000,0x0000000176a80000)
  from space 38912K, 99% used [0x0000000176a80000,0x000000017907c030,0x0000000179080000)
  to   space 40448K, 0% used [0x0000000179080000,0x0000000179080000,0x000000017b800000)
 ParOldGen       total 146432K, used 70758K [0x000000011b800000, 0x0000000124700000, 0x000000015b800000)
  object space 146432K, 48% used [0x000000011b800000,0x000000011fd199d8,0x0000000124700000)
 Metaspace       used 72597K, capacity 76140K, committed 76416K, reserved 1116160K
  class space    used 9178K, capacity 9822K, committed 9856K, reserved 1048576K
}
Event: 1360.903 GC heap before
{Heap before GC invocations=47 (full 9):
 PSYoungGen      total 483840K, used 483824K [0x000000015b800000, 0x000000017b800000, 0x000000017b800000)
  eden space 444928K, 100% used [0x000000015b800000,0x0000000176a80000,0x0000000176a80000)
  from space 38912K, 99% used [0x0000000176a80000,0x000000017907c030,0x0000000179080000)
  to   space 40448K, 0% used [0x0000000179080000,0x0000000179080000,0x000000017b800000)
 ParOldGen       total 146432K, used 70758K [0x000000011b800000, 0x0000000124700000, 0x000000015b800000)
  object space 146432K, 48% used [0x000000011b800000,0x000000011fd199d8,0x0000000124700000)
 Metaspace       used 72638K, capacity 76204K, committed 76416K, reserved 1116160K
  class space    used 9179K, capacity 9822K, committed 9856K, reserved 1048576K

